==28668== Memcheck, a memory error detector
==28668== Copyright (C) 2002-2012, and GNU GPL'd, by Julian Seward et al.
==28668== Using Valgrind-3.8.1 and LibVEX; rerun with -h for copyright info
==28668== Command: ./pa01
==28668== Parent PID: 11053
==28668== 
--28668-- 
--28668-- Valgrind options:
--28668--    --tool=memcheck
--28668--    --leak-check=full
--28668--    --verbose
--28668--    --log-file=memcheck.log
--28668-- Contents of /proc/version:
--28668--   Linux version 2.6.32-431.23.3.el6.x86_64 (mockbuild@x86-027.build.eng.bos.redhat.com) (gcc version 4.4.7 20120313 (Red Hat 4.4.7-4) (GCC) ) #1 SMP Wed Jul 16 06:12:23 EDT 2014
--28668-- Arch and hwcaps: AMD64, amd64-sse3-cx16
--28668-- Page sizes: currently 4096, max supported 4096
--28668-- Valgrind library directory: /usr/lib64/valgrind
--28668-- Reading syms from /home/shay/b/jharned/ece264/ECE264Solutions/PA01/pa01
--28668-- Reading syms from /usr/lib64/valgrind/memcheck-amd64-linux
--28668--    object doesn't have a dynamic symbol table
--28668-- Reading syms from /lib64/ld-2.12.so
--28668-- Scheduler: using generic scheduler lock implementation.
--28668-- Reading suppressions file: /usr/lib64/valgrind/default.supp
==28668== embedded gdbserver: reading from /tmp/vgdb-pipe-from-vgdb-to-28668-by-jharned-on-ecegrid-thin1.ecn.purdue.edu
==28668== embedded gdbserver: writing to   /tmp/vgdb-pipe-to-vgdb-from-28668-by-jharned-on-ecegrid-thin1.ecn.purdue.edu
==28668== embedded gdbserver: shared mem   /tmp/vgdb-pipe-shared-mem-vgdb-28668-by-jharned-on-ecegrid-thin1.ecn.purdue.edu
==28668== 
==28668== TO CONTROL THIS PROCESS USING vgdb (which you probably
==28668== don't want to do, unless you know exactly what you're doing,
==28668== or are doing some strange experiment):
==28668==   /usr/lib64/valgrind/../../bin/vgdb --pid=28668 ...command...
==28668== 
==28668== TO DEBUG THIS PROCESS USING GDB: start GDB like this
==28668==   /path/to/gdb ./pa01
==28668== and then give GDB the following command
==28668==   target remote | /usr/lib64/valgrind/../../bin/vgdb --pid=28668
==28668== --pid is optional if only one valgrind process is running
==28668== 
--28668-- REDIR: 0x3f79a17530 (strlen) redirected to 0x38049551 (vgPlain_amd64_linux_REDIR_FOR_strlen)
--28668-- Reading syms from /usr/lib64/valgrind/vgpreload_core-amd64-linux.so
--28668-- Reading syms from /usr/lib64/valgrind/vgpreload_memcheck-amd64-linux.so
--28668-- REDIR: 0x3f79a173a0 (index) redirected to 0x4a07bf0 (index)
--28668-- REDIR: 0x3f79a17420 (strcmp) redirected to 0x4a08530 (strcmp)
--28668-- Reading syms from /lib64/libc-2.12.so
--28668-- REDIR: 0x3f79e84cd0 (strcasecmp) redirected to 0x480155c (_vgnU_ifunc_wrapper)
--28668-- REDIR: 0x3f79e86f90 (strncasecmp) redirected to 0x480155c (_vgnU_ifunc_wrapper)
--28668-- REDIR: 0x3f79e82c40 (__GI_strrchr) redirected to 0x4a07a70 (__GI_strrchr)
--28668-- REDIR: 0x3f79e81160 (__GI_strlen) redirected to 0x4a07f70 (__GI_strlen)
--28668-- REDIR: 0x3f79e84500 (mempcpy) redirected to 0x4a09f80 (mempcpy)
--28668-- REDIR: 0x3f79e8aaf0 (strchrnul) redirected to 0x4a09f10 (strchrnul)
--28668-- REDIR: 0x3f79e7b520 (free) redirected to 0x4a06369 (free)
==28668== 
==28668== HEAP SUMMARY:
==28668==     in use at exit: 0 bytes in 0 blocks
==28668==   total heap usage: 0 allocs, 0 frees, 0 bytes allocated
==28668== 
==28668== All heap blocks were freed -- no leaks are possible
==28668== 
==28668== ERROR SUMMARY: 0 errors from 0 contexts (suppressed: 6 from 6)
--28668-- 
--28668-- used_suppression:      4 U1004-ARM-_dl_relocate_object
--28668-- used_suppression:      2 glibc-2.5.x-on-SUSE-10.2-(PPC)-2a
==28668== 
==28668== ERROR SUMMARY: 0 errors from 0 contexts (suppressed: 6 from 6)
