commit ffbc5a296dac9ceaba31102687c421c5b38c80ee
Author: James Harned <jharned@purdue.edu>
Date:   Fri Oct 3 18:13:25 2014 -0400

    Completed echo-lite

commit 37f6ed510888618c5df25b09f509061f233e6554
Author: James Harned <jharned@purdue.edu>
Date:   Fri Oct 3 17:27:10 2014 -0400

    Add Assignment #4 starter files

commit 5086a632078b14482d02d432fa013fef9e857500
Author: James Harned <jharned@purdue.edu>
Date:   Wed Sep 10 18:00:22 2014 -0400

    Add assignment #2 starter files

commit a9585735f1381b0cdabf71837a323d59f96c249e
Author: James Harned <jharned@purdue.edu>
Date:   Tue Sep 2 18:13:02 2014 -0400

    Finished assignment

commit 9c62ba467ad28c37210aae32be6cec92f6736487
Author: James Harned <jharned@purdue.edu>
Date:   Mon Sep 1 14:07:07 2014 -0400

    Add assignment #1 starter files
